2025-10-27 10:58:58,599 - __main__ - INFO - Starting Modular Report System
2025-10-27 10:58:58,599 - __main__ - INFO - Checking dependencies...
2025-10-27 10:59:01,416 - __main__ - INFO - All dependencies available
2025-10-27 10:59:01,417 - __main__ - INFO - Checking configuration...
2025-10-27 10:59:01,417 - __main__ - INFO - Configuration found at: D:\Gawean Rebinmas\Monitoring Database\Laporan_Ifess_beda_transno\all_transaksi\config.json
2025-10-27 10:59:01,417 - __main__ - INFO - Initializing GUI application...
2025-10-27 10:59:01,508 - __main__ - INFO - Application icon available at: D:\Gawean Rebinmas\Monitoring Database\Laporan_Ifess_beda_transno\all_transaksi\assets\logo_rebinmas.jpeg
2025-10-27 10:59:01,629 - business.services.template_service - INFO - Loaded 0 valid templates
2025-10-27 10:59:02,348 - presentation.main_report_window - ERROR - Error initializing widgets: Invalid column index estate_code
2025-10-27 11:04:18,842 - __main__ - ERROR - Unexpected error: Invalid column index estate_code
Traceback (most recent call last):
  File "D:\Gawean Rebinmas\Monitoring Database\Laporan_Ifess_beda_transno\all_transaksi\modular_report_system\src\presentation\widgets\estate_multiselect_widget.py", line 156, in load_estates
    self._populate_treeview()
  File "D:\Gawean Rebinmas\Monitoring Database\Laporan_Ifess_beda_transno\all_transaksi\modular_report_system\src\presentation\widgets\estate_multiselect_widget.py", line 244, in _populate_treeview
    self.tree.set(item_id, 'estate_code', estate_code)
  File "C:\Program Files\WindowsApps\PythonSoftwareFoundation.Python.3.10_3.10.3056.0_x64__qbz5n2kfra8p0\lib\tkinter\ttk.py", line 1459, in set
    res = self.tk.call(self._w, "set", item, column, value)
_tkinter.TclError: Invalid column index estate_code

During handling of the above exception, another exception occurred:

Traceback (most recent call last):
  File "D:\Gawean Rebinmas\Monitoring Database\Laporan_Ifess_beda_transno\all_transaksi\modular_report_system\main.py", line 121, in main
    app = MainReportWindow(root, config_path=config_path)
  File "D:\Gawean Rebinmas\Monitoring Database\Laporan_Ifess_beda_transno\all_transaksi\modular_report_system\src\presentation\main_report_window.py", line 65, in __init__
    self.initialize_widgets()
  File "D:\Gawean Rebinmas\Monitoring Database\Laporan_Ifess_beda_transno\all_transaksi\modular_report_system\src\presentation\main_report_window.py", line 420, in initialize_widgets
    self.estate_widget.load_estates()
  File "D:\Gawean Rebinmas\Monitoring Database\Laporan_Ifess_beda_transno\all_transaksi\modular_report_system\src\presentation\widgets\estate_multiselect_widget.py", line 164, in load_estates
    self._populate_treeview()
  File "D:\Gawean Rebinmas\Monitoring Database\Laporan_Ifess_beda_transno\all_transaksi\modular_report_system\src\presentation\widgets\estate_multiselect_widget.py", line 244, in _populate_treeview
    self.tree.set(item_id, 'estate_code', estate_code)
  File "C:\Program Files\WindowsApps\PythonSoftwareFoundation.Python.3.10_3.10.3056.0_x64__qbz5n2kfra8p0\lib\tkinter\ttk.py", line 1459, in set
    res = self.tk.call(self._w, "set", item, column, value)
_tkinter.TclError: Invalid column index estate_code
2025-10-27 11:05:19,123 - __main__ - INFO - Starting Modular Report System
2025-10-27 11:05:19,125 - __main__ - INFO - Checking dependencies...
2025-10-27 11:05:19,880 - __main__ - INFO - All dependencies available
2025-10-27 11:05:19,880 - __main__ - INFO - Checking configuration...
2025-10-27 11:05:19,880 - __main__ - INFO - Configuration found at: D:\Gawean Rebinmas\Monitoring Database\Laporan_Ifess_beda_transno\all_transaksi\config.json
2025-10-27 11:05:19,880 - __main__ - INFO - Initializing GUI application...
2025-10-27 11:05:19,940 - __main__ - INFO - Application icon available at: D:\Gawean Rebinmas\Monitoring Database\Laporan_Ifess_beda_transno\all_transaksi\assets\logo_rebinmas.jpeg
2025-10-27 11:05:20,048 - business.services.template_service - INFO - Loaded 0 valid templates
2025-10-27 11:05:21,178 - business.services.template_service - INFO - Loaded 0 valid templates
2025-10-27 11:05:21,509 - presentation.main_report_window - INFO - All widgets initialized successfully
2025-10-27 11:05:21,510 - __main__ - INFO - GUI application initialized successfully
2025-10-27 11:05:21,510 - __main__ - INFO - Starting main event loop...
2025-10-27 11:05:50,420 - __main__ - INFO - Application closed normally
2025-10-27 11:08:13,072 - __main__ - INFO - Starting Modular Report System
2025-10-27 11:08:13,073 - __main__ - INFO - Checking dependencies...
2025-10-27 11:08:13,673 - __main__ - INFO - All dependencies available
2025-10-27 11:08:13,673 - __main__ - INFO - Checking configuration...
2025-10-27 11:08:13,674 - __main__ - INFO - Configuration found at: D:\Gawean Rebinmas\Monitoring Database\Laporan_Ifess_beda_transno\all_transaksi\config.json
2025-10-27 11:08:13,674 - __main__ - INFO - Initializing GUI application...
2025-10-27 11:08:13,738 - __main__ - INFO - Application icon available at: D:\Gawean Rebinmas\Monitoring Database\Laporan_Ifess_beda_transno\all_transaksi\assets\logo_rebinmas.jpeg
2025-10-27 11:08:13,815 - business.services.template_service - INFO - Loaded 0 valid templates
2025-10-27 11:08:14,380 - business.services.template_service - INFO - Loaded 0 valid templates
2025-10-27 11:08:14,463 - presentation.main_report_window - INFO - All widgets initialized successfully
2025-10-27 11:08:14,463 - __main__ - INFO - GUI application initialized successfully
2025-10-27 11:08:14,463 - __main__ - INFO - Starting main event loop...
2025-10-27 11:08:42,114 - business.services.template_service - INFO - Loaded 0 valid templates
2025-10-27 11:08:49,609 - __main__ - INFO - Application closed normally
2025-10-27 11:13:17,119 - __main__ - INFO - Starting Modular Report System
2025-10-27 11:13:17,119 - __main__ - INFO - Checking dependencies...
2025-10-27 11:13:17,808 - __main__ - INFO - All dependencies available
2025-10-27 11:13:17,809 - __main__ - INFO - Checking configuration...
2025-10-27 11:13:17,809 - __main__ - INFO - Configuration found at: D:\Gawean Rebinmas\Monitoring Database\Laporan_Ifess_beda_transno\all_transaksi\config.json
2025-10-27 11:13:17,809 - __main__ - INFO - Initializing GUI application...
2025-10-27 11:13:17,881 - __main__ - INFO - Application icon available at: D:\Gawean Rebinmas\Monitoring Database\Laporan_Ifess_beda_transno\all_transaksi\assets\logo_rebinmas.jpeg
2025-10-27 11:13:18,001 - business.services.template_service - ERROR - Error loading template D:\Gawean Rebinmas\Monitoring Database\Laporan_Ifess_beda_transno\all_transaksi\modular_report_system\templates\laporan_kinerja_komprehensif.json: Failed to load template from D:\Gawean Rebinmas\Monitoring Database\Laporan_Ifess_beda_transno\all_transaksi\modular_report_system\templates\laporan_kinerja_komprehensif.json: Invalid template structure in D:\Gawean Rebinmas\Monitoring Database\Laporan_Ifess_beda_transno\all_transaksi\modular_report_system\templates\laporan_kinerja_komprehensif.json
2025-10-27 11:13:18,003 - business.services.template_service - INFO - Loaded 0 valid templates
2025-10-27 11:13:18,583 - business.services.template_service - ERROR - Error loading template D:\Gawean Rebinmas\Monitoring Database\Laporan_Ifess_beda_transno\all_transaksi\modular_report_system\templates\laporan_kinerja_komprehensif.json: Failed to load template from D:\Gawean Rebinmas\Monitoring Database\Laporan_Ifess_beda_transno\all_transaksi\modular_report_system\templates\laporan_kinerja_komprehensif.json: Invalid template structure in D:\Gawean Rebinmas\Monitoring Database\Laporan_Ifess_beda_transno\all_transaksi\modular_report_system\templates\laporan_kinerja_komprehensif.json
2025-10-27 11:13:18,583 - business.services.template_service - INFO - Loaded 0 valid templates
2025-10-27 11:13:18,693 - presentation.main_report_window - INFO - All widgets initialized successfully
2025-10-27 11:13:18,694 - __main__ - INFO - GUI application initialized successfully
2025-10-27 11:13:18,694 - __main__ - INFO - Starting main event loop...
2025-10-27 11:13:42,774 - business.services.template_service - ERROR - Error loading template D:\Gawean Rebinmas\Monitoring Database\Laporan_Ifess_beda_transno\all_transaksi\modular_report_system\templates\laporan_kinerja_komprehensif.json: Failed to load template from D:\Gawean Rebinmas\Monitoring Database\Laporan_Ifess_beda_transno\all_transaksi\modular_report_system\templates\laporan_kinerja_komprehensif.json: Invalid template structure in D:\Gawean Rebinmas\Monitoring Database\Laporan_Ifess_beda_transno\all_transaksi\modular_report_system\templates\laporan_kinerja_komprehensif.json
2025-10-27 11:13:42,774 - business.services.template_service - INFO - Loaded 0 valid templates
2025-10-27 11:13:42,985 - business.services.template_service - ERROR - Error loading template D:\Gawean Rebinmas\Monitoring Database\Laporan_Ifess_beda_transno\all_transaksi\modular_report_system\templates\laporan_kinerja_komprehensif.json: Failed to load template from D:\Gawean Rebinmas\Monitoring Database\Laporan_Ifess_beda_transno\all_transaksi\modular_report_system\templates\laporan_kinerja_komprehensif.json: Invalid template structure in D:\Gawean Rebinmas\Monitoring Database\Laporan_Ifess_beda_transno\all_transaksi\modular_report_system\templates\laporan_kinerja_komprehensif.json
2025-10-27 11:13:42,986 - business.services.template_service - INFO - Loaded 0 valid templates
2025-10-27 11:13:50,314 - __main__ - INFO - Application closed normally
2025-10-27 11:14:48,108 - __main__ - INFO - Starting Modular Report System
2025-10-27 11:14:48,108 - __main__ - INFO - Checking dependencies...
2025-10-27 11:14:49,830 - __main__ - INFO - All dependencies available
2025-10-27 11:14:49,830 - __main__ - INFO - Checking configuration...
2025-10-27 11:14:49,830 - __main__ - INFO - Configuration found at: D:\Gawean Rebinmas\Monitoring Database\Laporan_Ifess_beda_transno\all_transaksi\config.json
2025-10-27 11:14:49,830 - __main__ - INFO - Initializing GUI application...
2025-10-27 11:14:50,010 - __main__ - INFO - Application icon available at: D:\Gawean Rebinmas\Monitoring Database\Laporan_Ifess_beda_transno\all_transaksi\assets\logo_rebinmas.jpeg
2025-10-27 11:14:50,197 - business.services.template_service - INFO - Loaded 1 valid templates
2025-10-27 11:14:51,352 - business.services.template_service - INFO - Loaded 1 valid templates
2025-10-27 11:14:51,520 - presentation.main_report_window - INFO - All widgets initialized successfully
2025-10-27 11:14:51,520 - __main__ - INFO - GUI application initialized successfully
2025-10-27 11:14:51,520 - __main__ - INFO - Starting main event loop...
2025-10-27 11:16:04,332 - __main__ - INFO - Application closed normally
2025-10-27 11:18:16,532 - __main__ - INFO - Starting Modular Report System
2025-10-27 11:18:16,532 - __main__ - INFO - Checking dependencies...
2025-10-27 11:18:17,090 - __main__ - INFO - All dependencies available
2025-10-27 11:18:17,097 - __main__ - INFO - Checking configuration...
2025-10-27 11:18:17,097 - __main__ - INFO - Configuration found at: D:\Gawean Rebinmas\Monitoring Database\Laporan_Ifess_beda_transno\all_transaksi\config.json
2025-10-27 11:18:17,097 - __main__ - INFO - Initializing GUI application...
2025-10-27 11:18:17,150 - __main__ - INFO - Application icon available at: D:\Gawean Rebinmas\Monitoring Database\Laporan_Ifess_beda_transno\all_transaksi\assets\logo_rebinmas.jpeg
2025-10-27 11:18:17,226 - business.services.template_service - INFO - Loaded 1 valid templates
2025-10-27 11:18:17,792 - business.services.template_service - INFO - Loaded 1 valid templates
2025-10-27 11:18:17,895 - presentation.main_report_window - INFO - All widgets initialized successfully
2025-10-27 11:18:17,896 - __main__ - INFO - GUI application initialized successfully
2025-10-27 11:18:17,896 - __main__ - INFO - Starting main event loop...
2025-10-27 11:18:43,508 - __main__ - INFO - Application closed normally
2025-10-27 11:24:38,843 - __main__ - INFO - Starting Modular Report System
2025-10-27 11:24:38,844 - __main__ - INFO - Checking dependencies...
2025-10-27 11:24:39,329 - __main__ - INFO - All dependencies available
2025-10-27 11:24:39,329 - __main__ - INFO - Checking configuration...
2025-10-27 11:24:39,329 - __main__ - INFO - Configuration found at: D:\Gawean Rebinmas\Monitoring Database\Laporan_Ifess_beda_transno\all_transaksi\config.json
2025-10-27 11:24:39,329 - __main__ - INFO - Initializing GUI application...
2025-10-27 11:24:39,389 - __main__ - INFO - Application icon available at: D:\Gawean Rebinmas\Monitoring Database\Laporan_Ifess_beda_transno\all_transaksi\assets\logo_rebinmas.jpeg
2025-10-27 11:24:39,466 - business.services.template_service - INFO - Loaded 1 valid templates
2025-10-27 11:24:40,031 - business.services.template_service - INFO - Loaded 1 valid templates
2025-10-27 11:24:40,133 - presentation.main_report_window - INFO - All widgets initialized successfully
2025-10-27 11:24:40,134 - __main__ - INFO - GUI application initialized successfully
2025-10-27 11:24:40,134 - __main__ - INFO - Starting main event loop...
2025-10-27 11:24:59,244 - __main__ - INFO - Application closed normally
2025-10-27 11:40:16,343 - __main__ - INFO - Starting Modular Report System
2025-10-27 11:40:16,345 - __main__ - INFO - Checking dependencies...
2025-10-27 11:40:17,184 - __main__ - INFO - All dependencies available
2025-10-27 11:40:17,185 - __main__ - INFO - Checking configuration...
2025-10-27 11:40:17,185 - __main__ - INFO - Configuration found at: D:\Gawean Rebinmas\Monitoring Database\Laporan_Ifess_beda_transno\all_transaksi\config.json
2025-10-27 11:40:17,185 - __main__ - INFO - Initializing GUI application...
2025-10-27 11:40:17,275 - __main__ - INFO - Application icon available at: D:\Gawean Rebinmas\Monitoring Database\Laporan_Ifess_beda_transno\all_transaksi\assets\logo_rebinmas.jpeg
2025-10-27 11:40:17,367 - business.services.template_service - INFO - Loaded 1 valid templates
2025-10-27 11:40:18,175 - __main__ - ERROR - Unexpected error: AutomatedReportWidget.__init__() takes from 2 to 3 positional arguments but 4 were given
Traceback (most recent call last):
  File "D:\Gawean Rebinmas\Monitoring Database\Laporan_Ifess_beda_transno\all_transaksi\modular_report_system\main.py", line 121, in main
    app = MainReportWindow(root, config_path=config_path)
  File "D:\Gawean Rebinmas\Monitoring Database\Laporan_Ifess_beda_transno\all_transaksi\modular_report_system\src\presentation\main_report_window.py", line 64, in __init__
    self.setup_ui()
  File "D:\Gawean Rebinmas\Monitoring Database\Laporan_Ifess_beda_transno\all_transaksi\modular_report_system\src\presentation\main_report_window.py", line 131, in setup_ui
    self.create_automated_tab()
  File "D:\Gawean Rebinmas\Monitoring Database\Laporan_Ifess_beda_transno\all_transaksi\modular_report_system\src\presentation\main_report_window.py", line 139, in create_automated_tab
    self.automated_widget = AutomatedReportWidget(
TypeError: AutomatedReportWidget.__init__() takes from 2 to 3 positional arguments but 4 were given
2025-10-27 11:40:50,185 - __main__ - INFO - Starting Modular Report System
2025-10-27 11:40:50,185 - __main__ - INFO - Checking dependencies...
2025-10-27 11:40:50,666 - __main__ - INFO - All dependencies available
2025-10-27 11:40:50,667 - __main__ - INFO - Checking configuration...
2025-10-27 11:40:50,667 - __main__ - INFO - Configuration found at: D:\Gawean Rebinmas\Monitoring Database\Laporan_Ifess_beda_transno\all_transaksi\config.json
2025-10-27 11:40:50,667 - __main__ - INFO - Initializing GUI application...
2025-10-27 11:40:50,714 - __main__ - INFO - Application icon available at: D:\Gawean Rebinmas\Monitoring Database\Laporan_Ifess_beda_transno\all_transaksi\assets\logo_rebinmas.jpeg
2025-10-27 11:40:50,796 - business.services.template_service - INFO - Loaded 1 valid templates
2025-10-27 11:40:53,087 - __main__ - ERROR - Unexpected error: 'AutomatedReportWidget' object has no attribute 'pack'
Traceback (most recent call last):
  File "D:\Gawean Rebinmas\Monitoring Database\Laporan_Ifess_beda_transno\all_transaksi\modular_report_system\main.py", line 121, in main
    app = MainReportWindow(root, config_path=config_path)
  File "D:\Gawean Rebinmas\Monitoring Database\Laporan_Ifess_beda_transno\all_transaksi\modular_report_system\src\presentation\main_report_window.py", line 64, in __init__
    self.setup_ui()
  File "D:\Gawean Rebinmas\Monitoring Database\Laporan_Ifess_beda_transno\all_transaksi\modular_report_system\src\presentation\main_report_window.py", line 131, in setup_ui
    self.create_automated_tab()
  File "D:\Gawean Rebinmas\Monitoring Database\Laporan_Ifess_beda_transno\all_transaksi\modular_report_system\src\presentation\main_report_window.py", line 145, in create_automated_tab
    self.automated_widget.pack(fill=tk.BOTH, expand=True, padx=10, pady=10)
AttributeError: 'AutomatedReportWidget' object has no attribute 'pack'
2025-10-27 11:42:12,644 - __main__ - INFO - Starting Modular Report System
2025-10-27 11:42:12,644 - __main__ - INFO - Checking dependencies...
2025-10-27 11:42:13,112 - __main__ - INFO - All dependencies available
2025-10-27 11:42:13,112 - __main__ - INFO - Checking configuration...
2025-10-27 11:42:13,113 - __main__ - INFO - Configuration found at: D:\Gawean Rebinmas\Monitoring Database\Laporan_Ifess_beda_transno\all_transaksi\config.json
2025-10-27 11:42:13,113 - __main__ - INFO - Initializing GUI application...
2025-10-27 11:42:13,173 - __main__ - INFO - Application icon available at: D:\Gawean Rebinmas\Monitoring Database\Laporan_Ifess_beda_transno\all_transaksi\assets\logo_rebinmas.jpeg
2025-10-27 11:42:13,245 - business.services.template_service - INFO - Loaded 1 valid templates
2025-10-27 11:42:15,510 - presentation.main_report_window - ERROR - Error initializing widgets: 'NoneType' object has no attribute 'load_estates'
2025-10-27 11:42:16,315 - __main__ - ERROR - Unexpected error: 'NoneType' object has no attribute 'load_estates'
Traceback (most recent call last):
  File "D:\Gawean Rebinmas\Monitoring Database\Laporan_Ifess_beda_transno\all_transaksi\modular_report_system\main.py", line 121, in main
    app = MainReportWindow(root, config_path=config_path)
  File "D:\Gawean Rebinmas\Monitoring Database\Laporan_Ifess_beda_transno\all_transaksi\modular_report_system\src\presentation\main_report_window.py", line 74, in __init__
    self.initialize_widgets()
  File "D:\Gawean Rebinmas\Monitoring Database\Laporan_Ifess_beda_transno\all_transaksi\modular_report_system\src\presentation\main_report_window.py", line 493, in initialize_widgets
    self.estate_widget.load_estates()
AttributeError: 'NoneType' object has no attribute 'load_estates'
2025-10-27 11:44:03,199 - __main__ - INFO - Starting Modular Report System
2025-10-27 11:44:03,199 - __main__ - INFO - Checking dependencies...
2025-10-27 11:44:03,716 - __main__ - INFO - All dependencies available
2025-10-27 11:44:03,716 - __main__ - INFO - Checking configuration...
2025-10-27 11:44:03,716 - __main__ - INFO - Configuration found at: D:\Gawean Rebinmas\Monitoring Database\Laporan_Ifess_beda_transno\all_transaksi\config.json
2025-10-27 11:44:03,717 - __main__ - INFO - Initializing GUI application...
2025-10-27 11:44:03,770 - __main__ - INFO - Application icon available at: D:\Gawean Rebinmas\Monitoring Database\Laporan_Ifess_beda_transno\all_transaksi\assets\logo_rebinmas.jpeg
2025-10-27 11:44:03,841 - business.services.template_service - INFO - Loaded 1 valid templates
2025-10-27 11:45:53,283 - business.services.template_service - INFO - Loaded 1 valid templates
2025-10-27 11:45:53,320 - presentation.main_report_window - INFO - All widgets initialized successfully
2025-10-27 11:45:53,320 - __main__ - INFO - GUI application initialized successfully
2025-10-27 11:45:53,320 - __main__ - INFO - Starting main event loop...
2025-10-27 11:46:05,223 - presentation.widgets.automated_report_widget - ERROR - Error starting scheduler: 'Job' object has no attribute 'month'
2025-10-27 11:46:11,981 - __main__ - INFO - Application closed normally
2025-10-27 11:47:16,992 - __main__ - INFO - Starting Modular Report System
2025-10-27 11:47:16,992 - __main__ - INFO - Checking dependencies...
2025-10-27 11:47:17,566 - __main__ - INFO - All dependencies available
2025-10-27 11:47:17,566 - __main__ - INFO - Checking configuration...
2025-10-27 11:47:17,567 - __main__ - INFO - Configuration found at: D:\Gawean Rebinmas\Monitoring Database\Laporan_Ifess_beda_transno\all_transaksi\config.json
2025-10-27 11:47:17,567 - __main__ - INFO - Initializing GUI application...
2025-10-27 11:47:17,659 - __main__ - INFO - Application icon available at: D:\Gawean Rebinmas\Monitoring Database\Laporan_Ifess_beda_transno\all_transaksi\assets\logo_rebinmas.jpeg
2025-10-27 11:47:17,772 - business.services.template_service - INFO - Loaded 1 valid templates
2025-10-27 11:47:21,920 - business.services.template_service - INFO - Loaded 1 valid templates
2025-10-27 11:47:21,966 - presentation.main_report_window - INFO - All widgets initialized successfully
2025-10-27 11:47:21,968 - __main__ - INFO - GUI application initialized successfully
2025-10-27 11:47:21,968 - __main__ - INFO - Starting main event loop...
2025-10-27 11:47:31,682 - __main__ - INFO - Application closed normally
2025-10-27 11:50:04,395 - __main__ - INFO - Starting Modular Report System
2025-10-27 11:50:04,395 - __main__ - INFO - Checking dependencies...
2025-10-27 11:50:04,881 - __main__ - INFO - All dependencies available
2025-10-27 11:50:04,882 - __main__ - INFO - Checking configuration...
2025-10-27 11:50:04,882 - __main__ - INFO - Configuration found at: D:\Gawean Rebinmas\Monitoring Database\Laporan_Ifess_beda_transno\all_transaksi\config.json
2025-10-27 11:50:04,882 - __main__ - INFO - Initializing GUI application...
2025-10-27 11:50:04,933 - __main__ - INFO - Application icon available at: D:\Gawean Rebinmas\Monitoring Database\Laporan_Ifess_beda_transno\all_transaksi\assets\logo_rebinmas.jpeg
2025-10-27 11:50:05,003 - business.services.template_service - INFO - Loaded 1 valid templates
2025-10-27 11:50:11,277 - business.services.template_service - INFO - Loaded 1 valid templates
2025-10-27 11:50:11,305 - presentation.main_report_window - INFO - All widgets initialized successfully
2025-10-27 11:50:11,306 - __main__ - INFO - GUI application initialized successfully
2025-10-27 11:50:11,306 - __main__ - INFO - Starting main event loop...
2025-10-27 11:51:33,807 - __main__ - INFO - Application closed normally
2025-10-27 11:52:55,510 - __main__ - INFO - Starting Modular Report System
2025-10-27 11:52:55,510 - __main__ - INFO - Checking dependencies...
2025-10-27 11:52:56,036 - __main__ - INFO - All dependencies available
2025-10-27 11:52:56,036 - __main__ - INFO - Checking configuration...
2025-10-27 11:52:56,036 - __main__ - INFO - Configuration found at: D:\Gawean Rebinmas\Monitoring Database\Laporan_Ifess_beda_transno\all_transaksi\config.json
2025-10-27 11:52:56,036 - __main__ - INFO - Initializing GUI application...
2025-10-27 11:52:56,093 - __main__ - INFO - Application icon available at: D:\Gawean Rebinmas\Monitoring Database\Laporan_Ifess_beda_transno\all_transaksi\assets\logo_rebinmas.jpeg
2025-10-27 11:52:56,168 - business.services.template_service - INFO - Loaded 1 valid templates
2025-10-27 11:53:00,079 - business.services.template_service - INFO - Loaded 1 valid templates
2025-10-27 11:53:00,113 - presentation.main_report_window - INFO - All widgets initialized successfully
2025-10-27 11:53:00,114 - __main__ - INFO - GUI application initialized successfully
2025-10-27 11:53:00,114 - __main__ - INFO - Starting main event loop...
2025-10-27 11:53:07,287 - __main__ - INFO - Application closed normally
2025-10-27 11:56:02,868 - __main__ - INFO - Starting Modular Report System
2025-10-27 11:56:02,868 - __main__ - INFO - Checking dependencies...
2025-10-27 11:56:03,368 - __main__ - INFO - All dependencies available
2025-10-27 11:56:03,369 - __main__ - INFO - Checking configuration...
2025-10-27 11:56:03,369 - __main__ - INFO - Configuration found at: D:\Gawean Rebinmas\Monitoring Database\Laporan_Ifess_beda_transno\all_transaksi\config.json
2025-10-27 11:56:03,369 - __main__ - INFO - Initializing GUI application...
2025-10-27 11:56:03,427 - __main__ - INFO - Application icon available at: D:\Gawean Rebinmas\Monitoring Database\Laporan_Ifess_beda_transno\all_transaksi\assets\logo_rebinmas.jpeg
2025-10-27 11:56:03,563 - business.services.template_service - INFO - Loaded 1 valid templates
2025-10-27 11:56:05,644 - business.services.template_service - INFO - Loaded 1 valid templates
2025-10-27 11:56:05,677 - presentation.main_report_window - INFO - All widgets initialized successfully
2025-10-27 11:56:05,677 - __main__ - INFO - GUI application initialized successfully
2025-10-27 11:56:05,678 - __main__ - INFO - Starting main event loop...
2025-10-27 11:56:09,137 - __main__ - INFO - Application closed normally
2025-10-27 11:57:23,637 - __main__ - INFO - Starting Modular Report System
2025-10-27 11:57:23,637 - __main__ - INFO - Checking dependencies...
2025-10-27 11:57:24,150 - __main__ - INFO - All dependencies available
2025-10-27 11:57:24,150 - __main__ - INFO - Checking configuration...
2025-10-27 11:57:24,151 - __main__ - INFO - Configuration found at: D:\Gawean Rebinmas\Monitoring Database\Laporan_Ifess_beda_transno\all_transaksi\config.json
2025-10-27 11:57:24,151 - __main__ - INFO - Initializing GUI application...
2025-10-27 11:57:24,212 - __main__ - INFO - Application icon available at: D:\Gawean Rebinmas\Monitoring Database\Laporan_Ifess_beda_transno\all_transaksi\assets\logo_rebinmas.jpeg
2025-10-27 11:57:24,267 - business.services.template_service - INFO - Loaded 1 valid templates
2025-10-27 11:57:25,627 - business.services.template_service - INFO - Loaded 1 valid templates
2025-10-27 11:57:25,820 - presentation.main_report_window - INFO - All widgets initialized successfully
2025-10-27 11:57:25,820 - __main__ - INFO - GUI application initialized successfully
2025-10-27 11:57:25,820 - __main__ - INFO - Starting main event loop...
2025-10-27 11:57:36,440 - __main__ - INFO - Application closed normally
2025-10-27 12:00:44,052 - __main__ - INFO - Starting Modular Report System
2025-10-27 12:00:44,052 - __main__ - INFO - Checking dependencies...
2025-10-27 12:00:44,747 - __main__ - INFO - All dependencies available
2025-10-27 12:00:44,747 - __main__ - INFO - Checking configuration...
2025-10-27 12:00:44,747 - __main__ - INFO - Configuration found at: D:\Gawean Rebinmas\Monitoring Database\Laporan_Ifess_beda_transno\all_transaksi\config.json
2025-10-27 12:00:44,747 - __main__ - INFO - Initializing GUI application...
2025-10-27 12:00:44,845 - __main__ - INFO - Application icon available at: D:\Gawean Rebinmas\Monitoring Database\Laporan_Ifess_beda_transno\all_transaksi\assets\logo_rebinmas.jpeg
2025-10-27 12:00:45,701 - business.services.template_service - INFO - Loaded 1 valid templates
2025-10-27 12:00:46,098 - business.services.template_service - INFO - Loaded 1 valid templates
2025-10-27 12:00:46,219 - presentation.main_report_window - INFO - All widgets initialized successfully
2025-10-27 12:00:46,219 - __main__ - INFO - GUI application initialized successfully
2025-10-27 12:00:46,219 - __main__ - INFO - Starting main event loop...
